<?xml version="1.0" encoding="UTF-8"?>
<!-- Generated by org.testng.reporters.JUnitXMLReporter -->
<testsuite ignored="0" hostname="DESKTOP-RKV6N2J" failures="1" tests="1" name="Test" time="0.287" errors="0" timestamp="2023-03-21T20:16:54 GMT">
  <testcase classname="Test1" name="launchApplication" time="0.137">
    <failure type="java.lang.NullPointerException" message="Cannot invoke &amp;quot;org.openqa.selenium.WebDriver.get(String)&amp;quot; because the return value of &amp;quot;com.nbs.driver.DriverManager.getDriver()&amp;quot; is null">
      <![CDATA[java.lang.NullPointerException: Cannot invoke "org.openqa.selenium.WebDriver.get(String)" because the return value of "com.nbs.driver.DriverManager.getDriver()" is null
at Test1.launchApplication(Test1.java:11)
at java.base/java.util.ArrayList.forEach(ArrayList.java:1511)
... Removed 27 stack frames]]>
    </failure>
  </testcase> <!-- launchApplication -->
</testsuite> <!-- Test -->
