<?xml version="1.0" encoding="UTF-8"?>
<testng-results ignored="0" total="1" passed="1" failed="0" skipped="0">
  <reporter-output>
  </reporter-output>
  <suite started-at="2023-03-22T21:46:00 GMT" name="Default suite" finished-at="2023-03-22T21:47:32 GMT" duration-ms="91237">
    <groups>
    </groups>
    <test started-at="2023-03-22T21:46:00 GMT" name="Default test" finished-at="2023-03-22T21:47:32 GMT" duration-ms="91237">
      <class name="Test1">
        <test-method is-config="true" signature="setUp()[pri:0, instance:Test1@53aac487]" started-at="2023-03-22T21:46:01 GMT" name="setUp" finished-at="2023-03-22T21:46:21 GMT" duration-ms="19635" status="PASS">
          <reporter-output>
          </reporter-output>
        </test-method> <!-- setUp -->
        <test-method signature="launchApplication()[pri:0, instance:Test1@53aac487]" started-at="2023-03-22T21:46:21 GMT" name="launchApplication" description="To test booking.com journey" finished-at="2023-03-22T21:47:29 GMT" duration-ms="68240" status="PASS">
          <reporter-output>
          </reporter-output>
        </test-method> <!-- launchApplication -->
        <test-method is-config="true" signature="afterMethod()[pri:0, instance:Test1@53aac487]" started-at="2023-03-22T21:47:29 GMT" name="afterMethod" finished-at="2023-03-22T21:47:32 GMT" duration-ms="2540" status="PASS">
          <reporter-output>
          </reporter-output>
        </test-method> <!-- afterMethod -->
      </class> <!-- Test1 -->
    </test> <!-- Default test -->
  </suite> <!-- Default suite -->
</testng-results>
